2017-11-11 13:48:58.900 [br.com.fish.devops.Application.main()] INFO  br.com.fish.devops.Application - Starting Application on thiago-VirtualBox with PID 10839 (/home/thiago/Downloads/Cliente/target/classes started by thiago in /home/thiago/Downloads/Cliente)
2017-11-11 13:48:59.271 [br.com.fish.devops.Application.main()] INFO  org.springframework.boot.context.embedded.AnnotationConfigEmbeddedWebApplicationContext - Refreshing org.springframework.boot.context.embedded.AnnotationConfigEmbeddedWebApplicationContext@6f2df225: startup date [Sat Nov 11 13:48:59 BRT 2017]; root of context hierarchy
2017-11-11 13:49:01.869 [br.com.fish.devops.Application.main()] INFO  org.springframework.beans.factory.support.DefaultListableBeanFactory - Overriding bean definition for bean 'beanNameViewResolver': replacing [Root bean: class [null]; scope=; abstract=false; lazyInit=false; autowireMode=3; dependencyCheck=0; autowireCandidate=true; primary=false; factoryBeanName=org.springframework.boot.autoconfigure.web.ErrorMvcAutoConfiguration$WhitelabelErrorViewConfiguration; factoryMethodName=beanNameViewResolver; initMethodName=null; destroyMethodName=(inferred); defined in class path resource [org/springframework/boot/autoconfigure/web/ErrorMvcAutoConfiguration$WhitelabelErrorViewConfiguration.class]] with [Root bean: class [null]; scope=; abstract=false; lazyInit=false; autowireMode=3; dependencyCheck=0; autowireCandidate=true; primary=false; factoryBeanName=org.springframework.boot.autoconfigure.web.WebMvcAutoConfiguration$WebMvcAutoConfigurationAdapter; factoryMethodName=beanNameViewResolver; initMethodName=null; destroyMethodName=(inferred); defined in class path resource [org/springframework/boot/autoconfigure/web/WebMvcAutoConfiguration$WebMvcAutoConfigurationAdapter.class]]
2017-11-11 13:49:03.163 [br.com.fish.devops.Application.main()] INFO  org.springframework.beans.factory.annotation.AutowiredAnnotationBeanPostProcessor - JSR-330 'javax.inject.Inject' annotation found and supported for autowiring
2017-11-11 13:49:03.494 [br.com.fish.devops.Application.main()] INFO  org.hibernate.validator.internal.util.Version - HV000001: Hibernate Validator 5.0.0.Final
2017-11-11 13:49:05.513 [br.com.fish.devops.Application.main()] INFO  org.springframework.boot.context.embedded.tomcat.TomcatEmbeddedServletContainer - Tomcat initialized with port(s): 8090/http
2017-11-11 13:49:06.427 [br.com.fish.devops.Application.main()] INFO  org.apache.catalina.core.StandardService - Starting service Tomcat
2017-11-11 13:49:06.435 [br.com.fish.devops.Application.main()] INFO  org.apache.catalina.core.StandardEngine - Starting Servlet Engine: Apache Tomcat/8.0.15
2017-11-11 13:49:07.410 [localhost-startStop-1] INFO  org.apache.catalina.core.ContainerBase.[Tomcat].[localhost].[/] - Initializing Spring embedded WebApplicationContext
2017-11-11 13:49:07.427 [localhost-startStop-1] INFO  org.springframework.web.context.ContextLoader - Root WebApplicationContext: initialization completed in 8180 ms
2017-11-11 13:49:10.913 [localhost-startStop-1] INFO  org.springframework.boot.context.embedded.FilterRegistrationBean - Mapping filter: 'requestContextFilter' to: [/*]
2017-11-11 13:49:10.923 [localhost-startStop-1] INFO  org.springframework.boot.context.embedded.FilterRegistrationBean - Mapping filter: 'hiddenHttpMethodFilter' to: [/*]
2017-11-11 13:49:10.955 [localhost-startStop-1] INFO  org.springframework.boot.context.embedded.FilterRegistrationBean - Mapping filter: 'characterEncodingFilter' to: [/*]
2017-11-11 13:49:10.963 [localhost-startStop-1] INFO  org.springframework.boot.context.embedded.ServletRegistrationBean - Mapping servlet: 'jerseyServlet' to [/*]
2017-11-11 13:49:10.988 [localhost-startStop-1] INFO  org.springframework.boot.context.embedded.ServletRegistrationBean - Mapping servlet: 'dispatcherServlet' to [/]
2017-11-11 13:49:12.863 [br.com.fish.devops.Application.main()] INFO  org.springframework.web.servlet.mvc.method.annotation.RequestMappingHandlerAdapter - Looking for @ControllerAdvice: org.springframework.boot.context.embedded.AnnotationConfigEmbeddedWebApplicationContext@6f2df225: startup date [Sat Nov 11 13:48:59 BRT 2017]; root of context hierarchy
2017-11-11 13:49:13.374 [br.com.fish.devops.Application.main()] INFO  org.springframework.web.servlet.mvc.method.annotation.RequestMappingHandlerMapping - Mapped "{[/error],methods=[],params=[],headers=[],consumes=[],produces=[text/html],custom=[]}" onto public org.springframework.web.servlet.ModelAndView org.springframework.boot.autoconfigure.web.BasicErrorController.errorHtml(javax.servlet.http.HttpServletRequest)
2017-11-11 13:49:13.378 [br.com.fish.devops.Application.main()] INFO  org.springframework.web.servlet.mvc.method.annotation.RequestMappingHandlerMapping - Mapped "{[/error],methods=[],params=[],headers=[],consumes=[],produces=[],custom=[]}" onto public org.springframework.http.ResponseEntity<java.util.Map<java.lang.String, java.lang.Object>> org.springframework.boot.autoconfigure.web.BasicErrorController.error(javax.servlet.http.HttpServletRequest)
2017-11-11 13:49:13.639 [br.com.fish.devops.Application.main()] INFO  org.springframework.web.servlet.handler.SimpleUrlHandlerMapping - Mapped URL path [/webjars/**] onto handler of type [class org.springframework.web.servlet.resource.ResourceHttpRequestHandler]
2017-11-11 13:49:13.653 [br.com.fish.devops.Application.main()] INFO  org.springframework.web.servlet.handler.SimpleUrlHandlerMapping - Mapped URL path [/**] onto handler of type [class org.springframework.web.servlet.resource.ResourceHttpRequestHandler]
2017-11-11 13:49:13.976 [br.com.fish.devops.Application.main()] INFO  org.springframework.web.servlet.handler.SimpleUrlHandlerMapping - Mapped URL path [/**/favicon.ico] onto handler of type [class org.springframework.web.servlet.resource.ResourceHttpRequestHandler]
2017-11-11 13:49:14.484 [br.com.fish.devops.Application.main()] INFO  org.springframework.jmx.export.annotation.AnnotationMBeanExporter - Registering beans for JMX exposure on startup
2017-11-11 13:49:14.671 [br.com.fish.devops.Application.main()] INFO  org.apache.coyote.http11.Http11NioProtocol - Initializing ProtocolHandler ["http-nio-8090"]
2017-11-11 13:49:14.729 [br.com.fish.devops.Application.main()] INFO  org.apache.coyote.http11.Http11NioProtocol - Starting ProtocolHandler ["http-nio-8090"]
2017-11-11 13:49:14.796 [br.com.fish.devops.Application.main()] INFO  org.apache.tomcat.util.net.NioSelectorPool - Using a shared selector for servlet write/read
2017-11-11 13:49:14.888 [br.com.fish.devops.Application.main()] INFO  org.springframework.boot.context.embedded.tomcat.TomcatEmbeddedServletContainer - Tomcat started on port(s): 8090/http
2017-11-11 13:49:14.927 [br.com.fish.devops.Application.main()] INFO  br.com.fish.devops.Application - Started Application in 17.34 seconds (JVM running for 37.614)
2017-11-11 13:50:30.067 [http-nio-8090-exec-1] WARN  br.com.fish.devops.rest.ClienteRestService - O cliente 6 foi inserido!
2017-11-11 13:52:00.726 [http-nio-8090-exec-3] INFO  br.com.fish.devops.rest.ClienteRestService - Foram buscados 6 clientes
